2025-07-10 03:31:32,171 - __main__ - INFO - run_comprehensive_test:185 - ğŸš€ Starting comprehensive enhanced utilities test
2025-07-10 03:31:32,171 - __main__ - INFO - run_comprehensive_test:186 - ============================================================
2025-07-10 03:31:32,171 - __main__ - INFO - run_comprehensive_test:197 - 
ğŸ“‹ Running Import Test...
2025-07-10 03:31:32,171 - __main__ - INFO - test_imports:31 - ğŸ§ª Testing imports...
2025-07-10 03:31:32,185 - config - INFO - load_config:48 - Loaded config from config.json
2025-07-10 03:31:32,185 - __main__ - INFO - test_imports:34 - âœ… Config imported successfully
2025-07-10 03:31:32,192 - __main__ - ERROR - test_imports:57 - âŒ Import failed: No module named 'pandas'
2025-07-10 03:31:32,192 - __main__ - ERROR - run_comprehensive_test:204 - âŒ Import Test FAILED
2025-07-10 03:31:32,192 - __main__ - INFO - run_comprehensive_test:197 - 
ğŸ“‹ Running Utility Initialization Test...
2025-07-10 03:31:32,192 - __main__ - INFO - test_utility_initialization:67 - ğŸ§ª Testing utility initialization...
2025-07-10 03:31:32,193 - __main__ - ERROR - test_utility_initialization:100 - âŒ Utility initialization failed: No module named 'pandas'
2025-07-10 03:31:32,193 - __main__ - ERROR - run_comprehensive_test:204 - âŒ Utility Initialization Test FAILED
2025-07-10 03:31:32,193 - __main__ - INFO - run_comprehensive_test:197 - 
ğŸ“‹ Running Error Handling Test...
2025-07-10 03:31:32,193 - __main__ - INFO - test_error_handling:107 - ğŸ§ª Testing error handling...
2025-07-10 03:31:32,194 - __main__ - ERROR - test_error_handling:140 - âŒ Error handling test failed: No module named 'pandas'
2025-07-10 03:31:32,194 - __main__ - ERROR - run_comprehensive_test:204 - âŒ Error Handling Test FAILED
2025-07-10 03:31:32,194 - __main__ - INFO - run_comprehensive_test:197 - 
ğŸ“‹ Running Data Structures Test...
2025-07-10 03:31:32,195 - __main__ - INFO - test_data_structures:147 - ğŸ§ª Testing data structures...
2025-07-10 03:31:32,200 - __main__ - ERROR - test_data_structures:179 - âŒ Data structures test failed: No module named 'pandas'
2025-07-10 03:31:32,200 - __main__ - ERROR - run_comprehensive_test:204 - âŒ Data Structures Test FAILED
2025-07-10 03:31:32,200 - __main__ - INFO - run_comprehensive_test:210 - 
============================================================
2025-07-10 03:31:32,200 - __main__ - INFO - run_comprehensive_test:211 - ğŸ“Š TEST SUMMARY
2025-07-10 03:31:32,200 - __main__ - INFO - run_comprehensive_test:212 - ============================================================
2025-07-10 03:31:32,200 - __main__ - INFO - run_comprehensive_test:219 - âŒ FAIL - Import Test
2025-07-10 03:31:32,200 - __main__ - INFO - run_comprehensive_test:219 - âŒ FAIL - Utility Initialization Test
2025-07-10 03:31:32,200 - __main__ - INFO - run_comprehensive_test:219 - âŒ FAIL - Error Handling Test
2025-07-10 03:31:32,200 - __main__ - INFO - run_comprehensive_test:219 - âŒ FAIL - Data Structures Test
2025-07-10 03:31:32,201 - __main__ - INFO - run_comprehensive_test:221 - 
ğŸ¯ Overall Result: 0/4 tests passed
2025-07-10 03:31:32,201 - __main__ - WARNING - run_comprehensive_test:227 - âš ï¸ 4 tests failed. Please check the logs above.
2025-07-10 03:35:16,884 - __main__ - INFO - run_comprehensive_test:185 - ğŸš€ Starting comprehensive enhanced utilities test
2025-07-10 03:35:16,884 - __main__ - INFO - run_comprehensive_test:186 - ============================================================
2025-07-10 03:35:16,884 - __main__ - INFO - run_comprehensive_test:197 - 
ğŸ“‹ Running Import Test...
2025-07-10 03:35:16,884 - __main__ - INFO - test_imports:31 - ğŸ§ª Testing imports...
2025-07-10 03:35:16,898 - config - INFO - load_config:48 - Loaded config from config.json
2025-07-10 03:35:16,898 - __main__ - INFO - test_imports:34 - âœ… Config imported successfully
2025-07-10 03:35:16,899 - __main__ - ERROR - test_imports:57 - âŒ Import failed: No module named 'pandas'
2025-07-10 03:35:16,899 - __main__ - ERROR - run_comprehensive_test:204 - âŒ Import Test FAILED
2025-07-10 03:35:16,899 - __main__ - INFO - run_comprehensive_test:197 - 
ğŸ“‹ Running Utility Initialization Test...
2025-07-10 03:35:16,899 - __main__ - INFO - test_utility_initialization:67 - ğŸ§ª Testing utility initialization...
2025-07-10 03:35:16,899 - __main__ - ERROR - test_utility_initialization:100 - âŒ Utility initialization failed: No module named 'pandas'
2025-07-10 03:35:16,900 - __main__ - ERROR - run_comprehensive_test:204 - âŒ Utility Initialization Test FAILED
2025-07-10 03:35:16,900 - __main__ - INFO - run_comprehensive_test:197 - 
ğŸ“‹ Running Error Handling Test...
2025-07-10 03:35:16,900 - __main__ - INFO - test_error_handling:107 - ğŸ§ª Testing error handling...
2025-07-10 03:35:16,900 - __main__ - ERROR - test_error_handling:140 - âŒ Error handling test failed: No module named 'pandas'
2025-07-10 03:35:16,900 - __main__ - ERROR - run_comprehensive_test:204 - âŒ Error Handling Test FAILED
2025-07-10 03:35:16,900 - __main__ - INFO - run_comprehensive_test:197 - 
ğŸ“‹ Running Data Structures Test...
2025-07-10 03:35:16,900 - __main__ - INFO - test_data_structures:147 - ğŸ§ª Testing data structures...
2025-07-10 03:35:16,901 - __main__ - ERROR - test_data_structures:179 - âŒ Data structures test failed: No module named 'pandas'
2025-07-10 03:35:16,901 - __main__ - ERROR - run_comprehensive_test:204 - âŒ Data Structures Test FAILED
2025-07-10 03:35:16,901 - __main__ - INFO - run_comprehensive_test:210 - 
============================================================
2025-07-10 03:35:16,901 - __main__ - INFO - run_comprehensive_test:211 - ğŸ“Š TEST SUMMARY
2025-07-10 03:35:16,901 - __main__ - INFO - run_comprehensive_test:212 - ============================================================
2025-07-10 03:35:16,901 - __main__ - INFO - run_comprehensive_test:219 - âŒ FAIL - Import Test
2025-07-10 03:35:16,902 - __main__ - INFO - run_comprehensive_test:219 - âŒ FAIL - Utility Initialization Test
2025-07-10 03:35:16,902 - __main__ - INFO - run_comprehensive_test:219 - âŒ FAIL - Error Handling Test
2025-07-10 03:35:16,902 - __main__ - INFO - run_comprehensive_test:219 - âŒ FAIL - Data Structures Test
2025-07-10 03:35:16,902 - __main__ - INFO - run_comprehensive_test:221 - 
ğŸ¯ Overall Result: 0/4 tests passed
2025-07-10 03:35:16,902 - __main__ - WARNING - run_comprehensive_test:227 - âš ï¸ 4 tests failed. Please check the logs above.
2025-07-10 03:47:45,069 - __main__ - INFO - run_comprehensive_test:185 - ğŸš€ Starting comprehensive enhanced utilities test
2025-07-10 03:47:45,073 - __main__ - INFO - run_comprehensive_test:186 - ============================================================
2025-07-10 03:47:45,073 - __main__ - INFO - run_comprehensive_test:197 - 
ğŸ“‹ Running Import Test...
2025-07-10 03:47:45,073 - __main__ - INFO - test_imports:31 - ğŸ§ª Testing imports...
2025-07-10 03:47:45,085 - app_config - INFO - load_config:48 - Loaded config from config.json
2025-07-10 03:47:45,086 - __main__ - INFO - test_imports:34 - âœ… Config imported successfully
2025-07-10 03:47:45,755 - __main__ - INFO - test_imports:44 - âœ… Data processing utilities imported successfully
2025-07-10 03:47:49,216 - __main__ - INFO - test_imports:52 - âœ… Enhanced Breeze utilities imported successfully
2025-07-10 03:47:49,217 - __main__ - INFO - run_comprehensive_test:202 - âœ… Import Test PASSED
2025-07-10 03:47:49,218 - __main__ - INFO - run_comprehensive_test:197 - 
ğŸ“‹ Running Utility Initialization Test...
2025-07-10 03:47:49,220 - __main__ - INFO - test_utility_initialization:67 - ğŸ§ª Testing utility initialization...
2025-07-10 03:47:49,222 - app_config - INFO - load_config:48 - Loaded config from config.json
2025-07-10 03:47:49,223 - __main__ - INFO - test_utility_initialization:75 - âœ… Config initialized successfully
2025-07-10 03:47:49,224 - __main__ - INFO - test_utility_initialization:79 - âœ… TechnicalIndicatorProcessor initialized successfully
2025-07-10 03:47:49,224 - __main__ - INFO - test_utility_initialization:82 - âœ… OptionsDataProcessor initialized successfully
2025-07-10 03:47:49,226 - app_config - INFO - load_config:48 - Loaded config from config.json
2025-07-10 03:47:49,228 - enhanced_breeze_utils.EnhancedBreezeDataManager - ERROR - _initialize_paths:115 - Failed to initialize paths: [Errno 13] Permission denied: '/content'
2025-07-10 03:47:49,230 - enhanced_breeze_utils.EnhancedBreezeDataManager - WARNING - _initialize_paths:119 - Using fallback path: /home/prakharg/React_Projects/price_predictor/Major_Project/data
2025-07-10 03:47:49,231 - __main__ - INFO - test_utility_initialization:87 - âœ… EnhancedBreezeDataManager initialized successfully
2025-07-10 03:47:49,232 - __main__ - WARNING - test_utility_initialization:95 - âš ï¸ OptionChainAnalyzer initialization failed (expected without credentials): __init__() missing 1 required positional argument: 'breeze_manager'
2025-07-10 03:47:49,233 - __main__ - INFO - run_comprehensive_test:202 - âœ… Utility Initialization Test PASSED
2025-07-10 03:47:49,233 - __main__ - INFO - run_comprehensive_test:197 - 
ğŸ“‹ Running Error Handling Test...
2025-07-10 03:47:49,234 - __main__ - INFO - test_error_handling:107 - ğŸ§ª Testing error handling...
2025-07-10 03:47:49,234 - __main__ - INFO - test_error_handling:115 - âœ… ValidationError caught successfully: Test validation error
2025-07-10 03:47:49,235 - __main__ - INFO - test_error_handling:120 - âœ… ProcessingError caught successfully: Test processing error
2025-07-10 03:47:49,236 - __main__ - ERROR - test_error_handling:140 - âŒ Error handling test failed: __init__() missing 4 required positional arguments: 'quality', 'errors', 'warnings', and 'processing_time'
2025-07-10 03:47:49,236 - __main__ - ERROR - run_comprehensive_test:204 - âŒ Error Handling Test FAILED
2025-07-10 03:47:49,237 - __main__ - INFO - run_comprehensive_test:197 - 
ğŸ“‹ Running Data Structures Test...
2025-07-10 03:47:49,237 - __main__ - INFO - test_data_structures:147 - ğŸ§ª Testing data structures...
2025-07-10 03:47:49,238 - __main__ - ERROR - test_data_structures:179 - âŒ Data structures test failed: __init__() got an unexpected keyword argument 'current_price'
2025-07-10 03:47:49,238 - __main__ - ERROR - run_comprehensive_test:204 - âŒ Data Structures Test FAILED
2025-07-10 03:47:49,238 - __main__ - INFO - run_comprehensive_test:210 - 
============================================================
2025-07-10 03:47:49,239 - __main__ - INFO - run_comprehensive_test:211 - ğŸ“Š TEST SUMMARY
2025-07-10 03:47:49,239 - __main__ - INFO - run_comprehensive_test:212 - ============================================================
2025-07-10 03:47:49,240 - __main__ - INFO - run_comprehensive_test:219 - âœ… PASS - Import Test
2025-07-10 03:47:49,240 - __main__ - INFO - run_comprehensive_test:219 - âœ… PASS - Utility Initialization Test
2025-07-10 03:47:49,241 - __main__ - INFO - run_comprehensive_test:219 - âŒ FAIL - Error Handling Test
2025-07-10 03:47:49,241 - __main__ - INFO - run_comprehensive_test:219 - âŒ FAIL - Data Structures Test
2025-07-10 03:47:49,241 - __main__ - INFO - run_comprehensive_test:221 - 
ğŸ¯ Overall Result: 2/4 tests passed
2025-07-10 03:47:49,242 - __main__ - WARNING - run_comprehensive_test:227 - âš ï¸ 2 tests failed. Please check the logs above.
2025-07-10 03:51:40,974 - __main__ - INFO - run_comprehensive_test:204 - ğŸš€ Starting comprehensive enhanced utilities test
2025-07-10 03:51:40,974 - __main__ - INFO - run_comprehensive_test:205 - ============================================================
2025-07-10 03:51:40,974 - __main__ - INFO - run_comprehensive_test:216 - 
ğŸ“‹ Running Import Test...
2025-07-10 03:51:40,974 - __main__ - INFO - test_imports:51 - ğŸ§ª Testing imports...
2025-07-10 03:51:40,987 - app_config - INFO - load_config:48 - Loaded config from config.json
2025-07-10 03:51:40,987 - __main__ - INFO - test_imports:54 - âœ… Config imported successfully
2025-07-10 03:51:41,631 - __main__ - INFO - test_imports:64 - âœ… Data processing utilities imported successfully
2025-07-10 03:51:42,732 - __main__ - INFO - test_imports:72 - âœ… Enhanced Breeze utilities imported successfully
2025-07-10 03:51:42,732 - __main__ - INFO - run_comprehensive_test:221 - âœ… Import Test PASSED
2025-07-10 03:51:42,732 - __main__ - INFO - run_comprehensive_test:216 - 
ğŸ“‹ Running Utility Initialization Test...
2025-07-10 03:51:42,732 - __main__ - INFO - test_utility_initialization:87 - ğŸ§ª Testing utility initialization...
2025-07-10 03:51:42,733 - app_config - INFO - load_config:48 - Loaded config from config.json
2025-07-10 03:51:42,733 - __main__ - INFO - test_utility_initialization:95 - âœ… Config initialized successfully
2025-07-10 03:51:42,733 - __main__ - INFO - test_utility_initialization:99 - âœ… TechnicalIndicatorProcessor initialized successfully
2025-07-10 03:51:42,733 - __main__ - INFO - test_utility_initialization:102 - âœ… OptionsDataProcessor initialized successfully
2025-07-10 03:51:42,734 - app_config - INFO - load_config:48 - Loaded config from config.json
2025-07-10 03:51:42,734 - enhanced_breeze_utils.EnhancedBreezeDataManager - ERROR - _initialize_paths:115 - Failed to initialize paths: [Errno 13] Permission denied: '/content'
2025-07-10 03:51:42,734 - enhanced_breeze_utils.EnhancedBreezeDataManager - WARNING - _initialize_paths:119 - Using fallback path: /home/prakharg/React_Projects/price_predictor/Major_Project/data
2025-07-10 03:51:42,735 - __main__ - INFO - test_utility_initialization:107 - âœ… EnhancedBreezeDataManager initialized successfully
2025-07-10 03:51:42,735 - __main__ - WARNING - test_utility_initialization:115 - âš ï¸ OptionChainAnalyzer initialization failed (expected without credentials): __init__() missing 1 required positional argument: 'breeze_manager'
2025-07-10 03:51:42,735 - __main__ - INFO - run_comprehensive_test:221 - âœ… Utility Initialization Test PASSED
2025-07-10 03:51:42,735 - __main__ - INFO - run_comprehensive_test:216 - 
ğŸ“‹ Running Error Handling Test...
2025-07-10 03:51:42,735 - __main__ - INFO - test_error_handling:127 - ğŸ§ª Testing error handling...
2025-07-10 03:51:42,735 - __main__ - INFO - test_error_handling:135 - âœ… ValidationError caught successfully: Test validation error
2025-07-10 03:51:42,735 - __main__ - INFO - test_error_handling:140 - âœ… ProcessingError caught successfully: Test processing error
2025-07-10 03:51:42,735 - __main__ - ERROR - test_error_handling:160 - âŒ Error handling test failed: __init__() missing 4 required positional arguments: 'quality', 'errors', 'warnings', and 'processing_time'
2025-07-10 03:51:42,735 - __main__ - ERROR - run_comprehensive_test:223 - âŒ Error Handling Test FAILED
2025-07-10 03:51:42,735 - __main__ - INFO - run_comprehensive_test:216 - 
ğŸ“‹ Running Data Structures Test...
2025-07-10 03:51:42,735 - __main__ - INFO - test_data_structures:167 - ğŸ§ª Testing data structures...
2025-07-10 03:51:42,735 - __main__ - INFO - test_data_structures:181 - âœ… MarketDataRequest created successfully: TCS
2025-07-10 03:51:42,735 - __main__ - ERROR - test_data_structures:198 - âŒ Data structures test failed: __init__() missing 3 required positional arguments: 'errors', 'warnings', and 'response_time'
2025-07-10 03:51:42,735 - __main__ - ERROR - run_comprehensive_test:223 - âŒ Data Structures Test FAILED
2025-07-10 03:51:42,735 - __main__ - INFO - run_comprehensive_test:229 - 
============================================================
2025-07-10 03:51:42,736 - __main__ - INFO - run_comprehensive_test:230 - ğŸ“Š TEST SUMMARY
2025-07-10 03:51:42,736 - __main__ - INFO - run_comprehensive_test:231 - ============================================================
2025-07-10 03:51:42,736 - __main__ - INFO - run_comprehensive_test:238 - âœ… PASS - Import Test
2025-07-10 03:51:42,736 - __main__ - INFO - run_comprehensive_test:238 - âœ… PASS - Utility Initialization Test
2025-07-10 03:51:42,736 - __main__ - INFO - run_comprehensive_test:238 - âŒ FAIL - Error Handling Test
2025-07-10 03:51:42,736 - __main__ - INFO - run_comprehensive_test:238 - âŒ FAIL - Data Structures Test
2025-07-10 03:51:42,736 - __main__ - INFO - run_comprehensive_test:240 - 
ğŸ¯ Overall Result: 2/4 tests passed
2025-07-10 03:51:42,736 - __main__ - WARNING - run_comprehensive_test:246 - âš ï¸ 2 tests failed. Please check the logs above.
2025-07-10 03:52:18,754 - __main__ - INFO - run_comprehensive_test:204 - ğŸš€ Starting comprehensive enhanced utilities test
2025-07-10 03:52:18,754 - __main__ - INFO - run_comprehensive_test:205 - ============================================================
2025-07-10 03:52:18,754 - __main__ - INFO - run_comprehensive_test:216 - 
ğŸ“‹ Running Import Test...
2025-07-10 03:52:18,755 - __main__ - INFO - test_imports:51 - ğŸ§ª Testing imports...
2025-07-10 03:52:18,804 - app_config - INFO - load_config:48 - Loaded config from config.json
2025-07-10 03:52:18,805 - __main__ - INFO - test_imports:54 - âœ… Config imported successfully
2025-07-10 03:52:19,509 - __main__ - INFO - test_imports:64 - âœ… Data processing utilities imported successfully
2025-07-10 03:52:20,326 - __main__ - INFO - test_imports:72 - âœ… Enhanced Breeze utilities imported successfully
2025-07-10 03:52:20,326 - __main__ - INFO - run_comprehensive_test:221 - âœ… Import Test PASSED
2025-07-10 03:52:20,326 - __main__ - INFO - run_comprehensive_test:216 - 
ğŸ“‹ Running Utility Initialization Test...
2025-07-10 03:52:20,327 - __main__ - INFO - test_utility_initialization:87 - ğŸ§ª Testing utility initialization...
2025-07-10 03:52:20,327 - app_config - INFO - load_config:48 - Loaded config from config.json
2025-07-10 03:52:20,327 - __main__ - INFO - test_utility_initialization:95 - âœ… Config initialized successfully
2025-07-10 03:52:20,328 - __main__ - INFO - test_utility_initialization:99 - âœ… TechnicalIndicatorProcessor initialized successfully
2025-07-10 03:52:20,328 - __main__ - INFO - test_utility_initialization:102 - âœ… OptionsDataProcessor initialized successfully
2025-07-10 03:52:20,328 - app_config - INFO - load_config:48 - Loaded config from config.json
2025-07-10 03:52:20,328 - enhanced_breeze_utils.EnhancedBreezeDataManager - ERROR - _initialize_paths:115 - Failed to initialize paths: [Errno 13] Permission denied: '/content'
2025-07-10 03:52:20,328 - enhanced_breeze_utils.EnhancedBreezeDataManager - WARNING - _initialize_paths:119 - Using fallback path: /home/prakharg/React_Projects/price_predictor/Major_Project/data
2025-07-10 03:52:20,329 - __main__ - INFO - test_utility_initialization:107 - âœ… EnhancedBreezeDataManager initialized successfully
2025-07-10 03:52:20,329 - __main__ - WARNING - test_utility_initialization:115 - âš ï¸ OptionChainAnalyzer initialization failed (expected without credentials): __init__() missing 1 required positional argument: 'breeze_manager'
2025-07-10 03:52:20,329 - __main__ - INFO - run_comprehensive_test:221 - âœ… Utility Initialization Test PASSED
2025-07-10 03:52:20,329 - __main__ - INFO - run_comprehensive_test:216 - 
ğŸ“‹ Running Error Handling Test...
2025-07-10 03:52:20,329 - __main__ - INFO - test_error_handling:127 - ğŸ§ª Testing error handling...
2025-07-10 03:52:20,329 - __main__ - INFO - test_error_handling:135 - âœ… ValidationError caught successfully: Test validation error
2025-07-10 03:52:20,329 - __main__ - INFO - test_error_handling:140 - âœ… ProcessingError caught successfully: Test processing error
2025-07-10 03:52:20,329 - __main__ - ERROR - test_error_handling:160 - âŒ Error handling test failed: __init__() missing 4 required positional arguments: 'quality', 'errors', 'warnings', and 'processing_time'
2025-07-10 03:52:20,329 - __main__ - ERROR - run_comprehensive_test:223 - âŒ Error Handling Test FAILED
2025-07-10 03:52:20,329 - __main__ - INFO - run_comprehensive_test:216 - 
ğŸ“‹ Running Data Structures Test...
2025-07-10 03:52:20,329 - __main__ - INFO - test_data_structures:167 - ğŸ§ª Testing data structures...
2025-07-10 03:52:20,330 - __main__ - INFO - test_data_structures:181 - âœ… MarketDataRequest created successfully: TCS
2025-07-10 03:52:20,330 - __main__ - ERROR - test_data_structures:198 - âŒ Data structures test failed: __init__() missing 3 required positional arguments: 'errors', 'warnings', and 'response_time'
2025-07-10 03:52:20,330 - __main__ - ERROR - run_comprehensive_test:223 - âŒ Data Structures Test FAILED
2025-07-10 03:52:20,330 - __main__ - INFO - run_comprehensive_test:229 - 
============================================================
2025-07-10 03:52:20,330 - __main__ - INFO - run_comprehensive_test:230 - ğŸ“Š TEST SUMMARY
2025-07-10 03:52:20,330 - __main__ - INFO - run_comprehensive_test:231 - ============================================================
2025-07-10 03:52:20,330 - __main__ - INFO - run_comprehensive_test:238 - âœ… PASS - Import Test
2025-07-10 03:52:20,330 - __main__ - INFO - run_comprehensive_test:238 - âœ… PASS - Utility Initialization Test
2025-07-10 03:52:20,330 - __main__ - INFO - run_comprehensive_test:238 - âŒ FAIL - Error Handling Test
2025-07-10 03:52:20,330 - __main__ - INFO - run_comprehensive_test:238 - âŒ FAIL - Data Structures Test
2025-07-10 03:52:20,330 - __main__ - INFO - run_comprehensive_test:240 - 
ğŸ¯ Overall Result: 2/4 tests passed
2025-07-10 03:52:20,330 - __main__ - WARNING - run_comprehensive_test:246 - âš ï¸ 2 tests failed. Please check the logs above.
2025-07-12 18:51:59,525 - __main__ - INFO - run_comprehensive_test:196 - ğŸš€ Starting comprehensive enhanced utilities test
2025-07-12 18:51:59,529 - __main__ - INFO - run_comprehensive_test:197 - ============================================================
2025-07-12 18:51:59,529 - __main__ - INFO - run_comprehensive_test:208 - 
ğŸ“‹ Running Import Test...
2025-07-12 18:51:59,529 - __main__ - INFO - test_imports:32 - ğŸ§ª Testing imports...
2025-07-12 18:51:59,530 - app_config - INFO - load_config:48 - Loaded config from config.json
2025-07-12 18:51:59,530 - __main__ - INFO - test_imports:35 - âœ… Config imported successfully
2025-07-12 18:51:59,833 - __main__ - INFO - test_imports:45 - âœ… Data processing utilities imported successfully
2025-07-12 18:52:00,635 - __main__ - INFO - test_imports:53 - âœ… Enhanced Breeze utilities imported successfully
2025-07-12 18:52:00,635 - __main__ - INFO - run_comprehensive_test:213 - âœ… Import Test PASSED
2025-07-12 18:52:00,636 - __main__ - INFO - run_comprehensive_test:208 - 
ğŸ“‹ Running Utility Initialization Test...
2025-07-12 18:52:00,636 - __main__ - INFO - test_utility_initialization:68 - ğŸ§ª Testing utility initialization...
2025-07-12 18:52:00,638 - app_config - INFO - load_config:48 - Loaded config from config.json
2025-07-12 18:52:00,639 - __main__ - INFO - test_utility_initialization:76 - âœ… Config initialized successfully
2025-07-12 18:52:00,639 - __main__ - INFO - test_utility_initialization:80 - âœ… TechnicalIndicatorProcessor initialized successfully
2025-07-12 18:52:00,640 - __main__ - INFO - test_utility_initialization:83 - âœ… OptionsDataProcessor initialized successfully
2025-07-12 18:52:00,642 - app_config - INFO - load_config:48 - Loaded config from config.json
2025-07-12 18:52:00,643 - enhanced_breeze_utils.EnhancedBreezeDataManager - ERROR - _initialize_paths:115 - Failed to initialize paths: [Errno 13] Permission denied: '/content'
2025-07-12 18:52:00,644 - enhanced_breeze_utils.EnhancedBreezeDataManager - WARNING - _initialize_paths:119 - Using fallback path: /home/prakharg/React_Projects/price_predictor/Major_Project/data
2025-07-12 18:52:00,644 - __main__ - INFO - test_utility_initialization:88 - âœ… EnhancedBreezeDataManager initialized successfully
2025-07-12 18:52:00,644 - __main__ - WARNING - test_utility_initialization:96 - âš ï¸ OptionChainAnalyzer initialization failed (expected without credentials): __init__() missing 1 required positional argument: 'breeze_manager'
2025-07-12 18:52:00,644 - __main__ - INFO - run_comprehensive_test:213 - âœ… Utility Initialization Test PASSED
2025-07-12 18:52:00,645 - __main__ - INFO - run_comprehensive_test:208 - 
ğŸ“‹ Running Error Handling Test...
2025-07-12 18:52:00,645 - __main__ - INFO - test_error_handling:108 - ğŸ§ª Testing error handling...
2025-07-12 18:52:00,645 - __main__ - INFO - test_error_handling:116 - âœ… ValidationError caught successfully: Test validation error
2025-07-12 18:52:00,646 - __main__ - INFO - test_error_handling:121 - âœ… ProcessingError caught successfully: Test processing error
2025-07-12 18:52:00,657 - __main__ - INFO - test_error_handling:133 - âœ… Success ProcessingResult created successfully: success=True
2025-07-12 18:52:00,659 - __main__ - INFO - test_error_handling:144 - âœ… Error ProcessingResult created successfully: success=False
2025-07-12 18:52:00,660 - __main__ - INFO - run_comprehensive_test:213 - âœ… Error Handling Test PASSED
2025-07-12 18:52:00,661 - __main__ - INFO - run_comprehensive_test:208 - 
ğŸ“‹ Running Data Structures Test...
2025-07-12 18:52:00,662 - __main__ - INFO - test_data_structures:156 - ğŸ§ª Testing data structures...
2025-07-12 18:52:00,662 - __main__ - INFO - test_data_structures:170 - âœ… MarketDataRequest created successfully: TCS
2025-07-12 18:52:00,665 - __main__ - INFO - test_data_structures:181 - âœ… APIResponse created successfully: success=True
2025-07-12 18:52:00,666 - __main__ - INFO - test_data_structures:185 - âœ… DataQuality enum works: DataQuality.EXCELLENT
2025-07-12 18:52:00,666 - __main__ - INFO - run_comprehensive_test:213 - âœ… Data Structures Test PASSED
2025-07-12 18:52:00,667 - __main__ - INFO - run_comprehensive_test:221 - 
============================================================
2025-07-12 18:52:00,668 - __main__ - INFO - run_comprehensive_test:222 - ğŸ“Š TEST SUMMARY
2025-07-12 18:52:00,668 - __main__ - INFO - run_comprehensive_test:223 - ============================================================
2025-07-12 18:52:00,669 - __main__ - INFO - run_comprehensive_test:230 - âœ… PASS - Import Test
2025-07-12 18:52:00,669 - __main__ - INFO - run_comprehensive_test:230 - âœ… PASS - Utility Initialization Test
2025-07-12 18:52:00,670 - __main__ - INFO - run_comprehensive_test:230 - âœ… PASS - Error Handling Test
2025-07-12 18:52:00,670 - __main__ - INFO - run_comprehensive_test:230 - âœ… PASS - Data Structures Test
2025-07-12 18:52:00,671 - __main__ - INFO - run_comprehensive_test:232 - 
ğŸ¯ Overall Result: 4/4 tests passed
2025-07-12 18:52:00,671 - __main__ - INFO - run_comprehensive_test:235 - ğŸ‰ ALL TESTS PASSED! Enhanced modular setup is working correctly.
2025-07-12 18:52:19,286 - __main__ - INFO - run_comprehensive_test:196 - ğŸš€ Starting comprehensive enhanced utilities test
2025-07-12 18:52:19,286 - __main__ - INFO - run_comprehensive_test:197 - ============================================================
2025-07-12 18:52:19,287 - __main__ - INFO - run_comprehensive_test:208 - 
ğŸ“‹ Running Import Test...
2025-07-12 18:52:19,287 - __main__ - INFO - test_imports:32 - ğŸ§ª Testing imports...
2025-07-12 18:52:19,287 - app_config - INFO - load_config:48 - Loaded config from config.json
2025-07-12 18:52:19,287 - __main__ - INFO - test_imports:35 - âœ… Config imported successfully
2025-07-12 18:52:19,561 - __main__ - INFO - test_imports:45 - âœ… Data processing utilities imported successfully
2025-07-12 18:52:20,410 - __main__ - INFO - test_imports:53 - âœ… Enhanced Breeze utilities imported successfully
2025-07-12 18:52:20,411 - __main__ - INFO - run_comprehensive_test:213 - âœ… Import Test PASSED
2025-07-12 18:52:20,411 - __main__ - INFO - run_comprehensive_test:208 - 
ğŸ“‹ Running Utility Initialization Test...
2025-07-12 18:52:20,411 - __main__ - INFO - test_utility_initialization:68 - ğŸ§ª Testing utility initialization...
2025-07-12 18:52:20,413 - app_config - INFO - load_config:48 - Loaded config from config.json
2025-07-12 18:52:20,413 - __main__ - INFO - test_utility_initialization:76 - âœ… Config initialized successfully
2025-07-12 18:52:20,413 - __main__ - INFO - test_utility_initialization:80 - âœ… TechnicalIndicatorProcessor initialized successfully
2025-07-12 18:52:20,414 - __main__ - INFO - test_utility_initialization:83 - âœ… OptionsDataProcessor initialized successfully
2025-07-12 18:52:20,415 - app_config - INFO - load_config:48 - Loaded config from config.json
2025-07-12 18:52:20,415 - enhanced_breeze_utils.EnhancedBreezeDataManager - ERROR - _initialize_paths:115 - Failed to initialize paths: [Errno 13] Permission denied: '/content'
2025-07-12 18:52:20,416 - enhanced_breeze_utils.EnhancedBreezeDataManager - WARNING - _initialize_paths:119 - Using fallback path: /home/prakharg/React_Projects/price_predictor/Major_Project/data
2025-07-12 18:52:20,416 - __main__ - INFO - test_utility_initialization:88 - âœ… EnhancedBreezeDataManager initialized successfully
2025-07-12 18:52:20,416 - __main__ - WARNING - test_utility_initialization:96 - âš ï¸ OptionChainAnalyzer initialization failed (expected without credentials): __init__() missing 1 required positional argument: 'breeze_manager'
2025-07-12 18:52:20,417 - __main__ - INFO - run_comprehensive_test:213 - âœ… Utility Initialization Test PASSED
2025-07-12 18:52:20,417 - __main__ - INFO - run_comprehensive_test:208 - 
ğŸ“‹ Running Error Handling Test...
2025-07-12 18:52:20,417 - __main__ - INFO - test_error_handling:108 - ğŸ§ª Testing error handling...
2025-07-12 18:52:20,418 - __main__ - INFO - test_error_handling:116 - âœ… ValidationError caught successfully: Test validation error
2025-07-12 18:52:20,418 - __main__ - INFO - test_error_handling:121 - âœ… ProcessingError caught successfully: Test processing error
2025-07-12 18:52:20,421 - __main__ - INFO - test_error_handling:133 - âœ… Success ProcessingResult created successfully: success=True
2025-07-12 18:52:20,422 - __main__ - INFO - test_error_handling:144 - âœ… Error ProcessingResult created successfully: success=False
2025-07-12 18:52:20,422 - __main__ - INFO - run_comprehensive_test:213 - âœ… Error Handling Test PASSED
2025-07-12 18:52:20,423 - __main__ - INFO - run_comprehensive_test:208 - 
ğŸ“‹ Running Data Structures Test...
2025-07-12 18:52:20,423 - __main__ - INFO - test_data_structures:156 - ğŸ§ª Testing data structures...
2025-07-12 18:52:20,423 - __main__ - INFO - test_data_structures:170 - âœ… MarketDataRequest created successfully: TCS
2025-07-12 18:52:20,425 - __main__ - INFO - test_data_structures:181 - âœ… APIResponse created successfully: success=True
2025-07-12 18:52:20,425 - __main__ - INFO - test_data_structures:185 - âœ… DataQuality enum works: DataQuality.EXCELLENT
2025-07-12 18:52:20,425 - __main__ - INFO - run_comprehensive_test:213 - âœ… Data Structures Test PASSED
2025-07-12 18:52:20,426 - __main__ - INFO - run_comprehensive_test:221 - 
============================================================
2025-07-12 18:52:20,426 - __main__ - INFO - run_comprehensive_test:222 - ğŸ“Š TEST SUMMARY
2025-07-12 18:52:20,426 - __main__ - INFO - run_comprehensive_test:223 - ============================================================
2025-07-12 18:52:20,426 - __main__ - INFO - run_comprehensive_test:230 - âœ… PASS - Import Test
2025-07-12 18:52:20,427 - __main__ - INFO - run_comprehensive_test:230 - âœ… PASS - Utility Initialization Test
2025-07-12 18:52:20,427 - __main__ - INFO - run_comprehensive_test:230 - âœ… PASS - Error Handling Test
2025-07-12 18:52:20,427 - __main__ - INFO - run_comprehensive_test:230 - âœ… PASS - Data Structures Test
2025-07-12 18:52:20,427 - __main__ - INFO - run_comprehensive_test:232 - 
ğŸ¯ Overall Result: 4/4 tests passed
2025-07-12 18:52:20,428 - __main__ - INFO - run_comprehensive_test:235 - ğŸ‰ ALL TESTS PASSED! Enhanced modular setup is working correctly.
